Using pre-set license
Built from '2020.3/staging' branch; Version is '2020.3.23f1 (c5d91304a876) revision 12966163'; Using compiler version '192528614'; Build Type 'Release'
OS: 'Windows 10 Home Single Language; OS build 22000.348; Version 2009; 64bit' Language: 'en' Physical Memory: 8084 MB
BatchMode: 1, IsHumanControllingUs: 0, StartBugReporterOnCrash: 0, Is64bit: 1, IsPro: 0

COMMAND LINE ARGUMENTS:
E:\_installed\Unity\2020.3.23f1\Editor\Unity.exe
-adb2
-batchMode
-noUpm
-name
AssetImportWorker3
-projectPath
E:/Github/unity-ref-lighting
-logFile
Logs/AssetImportWorker3.log
-srvPort
54394
Successfully changed project path to: E:/Github/unity-ref-lighting
E:/Github/unity-ref-lighting
Using Asset Import Pipeline V2.
Refreshing native plugins compatible for Editor in 52.10 ms, found 2 plugins.
Preloading 0 native plugins for Editor in 0.00 ms.
Initialize engine version: 2020.3.23f1 (c5d91304a876)
[Subsystems] Discovering subsystems at path E:/_installed/Unity/2020.3.23f1/Editor/Data/Resources/UnitySubsystems
[Subsystems] Discovering subsystems at path E:/Github/unity-ref-lighting/Assets
GfxDevice: creating device client; threaded=0
Direct3D:
    Version:  Direct3D 11.0 [level 11.1]
    Renderer: NVIDIA GeForce GTX 1050 (ID=0x1c8d)
    Vendor:   
    VRAM:     4021 MB
    Driver:   30.0.14.7141
Initialize mono
Mono path[0] = 'E:/_installed/Unity/2020.3.23f1/Editor/Data/Managed'
Mono path[1] = 'E:/_installed/Unity/2020.3.23f1/Editor/Data/MonoBleedingEdge/lib/mono/unityjit'
Mono config path = 'E:/_installed/Unity/2020.3.23f1/Editor/Data/MonoBleedingEdge/etc'
Using monoOptions --debugger-agent=transport=dt_socket,embedding=1,server=y,suspend=n,address=127.0.0.1:56156
Begin MonoManager ReloadAssembly
Registering precompiled unity dll's ...
Register platform support module: E:/_installed/Unity/2020.3.23f1/Editor/Data/PlaybackEngines/WebGLSupport/UnityEditor.WebGL.Extensions.dll
Register platform support module: E:/_installed/Unity/2020.3.23f1/Editor/Data/PlaybackEngines/WindowsStandaloneSupport/UnityEditor.WindowsStandalone.Extensions.dll
Registered in 0.002455 seconds.
Native extension for WindowsStandalone target not found
Native extension for WebGL target not found
Refreshing native plugins compatible for Editor in 46.44 ms, found 2 plugins.
Preloading 0 native plugins for Editor in 0.00 ms.
Mono: successfully reloaded assembly
- Completed reload, in  0.876 seconds
Domain Reload Profiling:
	ReloadAssembly (876ms)
		BeginReloadAssembly (72ms)
			ExecutionOrderSort (0ms)
			DisableScriptedObjects (0ms)
			BackupInstance (0ms)
			ReleaseScriptingObjects (0ms)
			CreateAndSetChildDomain (1ms)
		EndReloadAssembly (699ms)
			LoadAssemblies (71ms)
			RebuildTransferFunctionScriptingTraits (0ms)
			SetupTypeCache (240ms)
			ReleaseScriptCaches (0ms)
			RebuildScriptCaches (46ms)
			SetupLoadedEditorAssemblies (240ms)
				LogAssemblyErrors (0ms)
				InitializePlatformSupportModulesInManaged (8ms)
				SetLoadedEditorAssemblies (0ms)
				RefreshPlugins (47ms)
				BeforeProcessingInitializeOnLoad (17ms)
				ProcessInitializeOnLoadAttributes (126ms)
				ProcessInitializeOnLoadMethodAttributes (42ms)
				AfterProcessingInitializeOnLoad (0ms)
				EditorAssembliesLoaded (0ms)
			ExecutionOrderSort2 (0ms)
			AwakeInstancesAfterBackupRestoration (0ms)
Platform modules already initialized, skipping
Registering precompiled user dll's ...
Registered in 0.003180 seconds.
Begin MonoManager ReloadAssembly
Native extension for WindowsStandalone target not found
Native extension for WebGL target not found
Refreshing native plugins compatible for Editor in 0.37 ms, found 2 plugins.
Preloading 0 native plugins for Editor in 0.00 ms.
Mono: successfully reloaded assembly
- Completed reload, in  1.351 seconds
Domain Reload Profiling:
	ReloadAssembly (1351ms)
		BeginReloadAssembly (191ms)
			ExecutionOrderSort (0ms)
			DisableScriptedObjects (7ms)
			BackupInstance (0ms)
			ReleaseScriptingObjects (0ms)
			CreateAndSetChildDomain (25ms)
		EndReloadAssembly (1085ms)
			LoadAssemblies (111ms)
			RebuildTransferFunctionScriptingTraits (0ms)
			SetupTypeCache (375ms)
			ReleaseScriptCaches (1ms)
			RebuildScriptCaches (60ms)
			SetupLoadedEditorAssemblies (405ms)
				LogAssemblyErrors (0ms)
				InitializePlatformSupportModulesInManaged (6ms)
				SetLoadedEditorAssemblies (1ms)
				RefreshPlugins (0ms)
				BeforeProcessingInitializeOnLoad (111ms)
				ProcessInitializeOnLoadAttributes (270ms)
				ProcessInitializeOnLoadMethodAttributes (13ms)
				AfterProcessingInitializeOnLoad (4ms)
				EditorAssembliesLoaded (0ms)
			ExecutionOrderSort2 (0ms)
			AwakeInstancesAfterBackupRestoration (9ms)
Platform modules already initialized, skipping
========================================================================
Worker process is ready to serve import requests
Launched and connected shader compiler UnityShaderCompiler.exe after 0.42 seconds
Refreshing native plugins compatible for Editor in 0.40 ms, found 2 plugins.
Preloading 0 native plugins for Editor in 0.00 ms.
Unloading 1498 Unused Serialized files (Serialized files now loaded: 0)
System memory in use before: 69.1 MB.
System memory in use after: 69.1 MB.

Unloading 19 unused Assets to reduce memory usage. Loaded Objects now: 1932.
Total: 3.591000 ms (FindLiveObjects: 0.396600 ms CreateObjectMapping: 0.110800 ms MarkObjects: 2.945600 ms  DeleteObjects: 0.136400 ms)

AssetImportParameters requested are different than current active one (requested -> active):
  custom:framework-win-MediaFoundation: 216162199b28c13a410421893ffa2e32 -> 
  custom:video-decoder-ogg-theora: a1e56fd34408186e4bbccfd4996cb3dc -> 
  custom:container-muxer-webm: aa71ff27fc2769a1b78a27578f13a17b -> 
  custom:container-demuxer-webm: 4f35f7cbe854078d1ac9338744f61a02 -> 
  custom:container-demuxer-ogg: 62fdf1f143b41e24485cea50d1cbac27 -> 
  custom:video-encoder-webm-vp8: eb34c28f22e8b96e1ab97ce403110664 -> 
  custom:video-codec-MediaFoundation-h265: 746d11721c4dcdbdad8f713fa42b33f4 -> 
  custom:video-decoder-webm-vp8: 9c59270c3fd7afecdb556c50c9e8de78 -> 
  custom:audio-decoder-ogg-vorbis: bf7c407c2cedff20999df2af8eb42d56 -> 
  custom:audio-encoder-webm-vorbis: bf7c407c2cedff20999df2af8eb42d56 -> 
========================================================================
Received Import Request.
  path: Assets/SwampHouse/swamphouse.unity
  artifactKey: Guid(36c44b31e2188f441a602c84f4fa8b7e) Importer(815301076,1909f56bfc062723c751e8b465ee728b)
Start importing Assets/SwampHouse/swamphouse.unity using Guid(36c44b31e2188f441a602c84f4fa8b7e) Importer(815301076,1909f56bfc062723c751e8b465ee728b)  -> (artifact id: '6ce55c8dba7c00f57581384b17e5d5b9') in 0.043004 seconds 
  Import took 0.155671 seconds .

========================================================================
Received Import Request.
  Time since last request: 0.000295 seconds.
  path: Assets/SwampHouse
  artifactKey: Guid(32d4ce0dbc52abc44b75ce5658075525) Importer(815301076,1909f56bfc062723c751e8b465ee728b)
Start importing Assets/SwampHouse using Guid(32d4ce0dbc52abc44b75ce5658075525) Importer(815301076,1909f56bfc062723c751e8b465ee728b)  -> (artifact id: '2054808bb3ad58429722560d41e167d0') in 0.015579 seconds 
  Import took 0.024367 seconds .

========================================================================
Received Import Request.
  Time since last request: 0.159483 seconds.
  path: Assets
  artifactKey: Guid(00000000000000001000000000000000) Importer(815301076,1909f56bfc062723c751e8b465ee728b)
Start importing Assets using Guid(00000000000000001000000000000000) Importer(815301076,1909f56bfc062723c751e8b465ee728b)  -> (artifact id: '42d402b061de3733987d63b9cc3b64de') in 0.018303 seconds 
  Import took 0.021653 seconds .

========================================================================
Received Prepare
Registering precompiled user dll's ...
Registered in 0.002911 seconds.
Begin MonoManager ReloadAssembly
Native extension for WindowsStandalone target not found
Native extension for WebGL target not found
Refreshing native plugins compatible for Editor in 0.50 ms, found 2 plugins.
Preloading 0 native plugins for Editor in 0.00 ms.
Mono: successfully reloaded assembly
- Completed reload, in  1.291 seconds
Domain Reload Profiling:
	ReloadAssembly (1292ms)
		BeginReloadAssembly (127ms)
			ExecutionOrderSort (0ms)
			DisableScriptedObjects (6ms)
			BackupInstance (0ms)
			ReleaseScriptingObjects (0ms)
			CreateAndSetChildDomain (46ms)
		EndReloadAssembly (1088ms)
			LoadAssemblies (107ms)
			RebuildTransferFunctionScriptingTraits (0ms)
			SetupTypeCache (400ms)
			ReleaseScriptCaches (1ms)
			RebuildScriptCaches (52ms)
			SetupLoadedEditorAssemblies (382ms)
				LogAssemblyErrors (0ms)
				InitializePlatformSupportModulesInManaged (7ms)
				SetLoadedEditorAssemblies (1ms)
				RefreshPlugins (1ms)
				BeforeProcessingInitializeOnLoad (115ms)
				ProcessInitializeOnLoadAttributes (245ms)
				ProcessInitializeOnLoadMethodAttributes (12ms)
				AfterProcessingInitializeOnLoad (2ms)
				EditorAssembliesLoaded (0ms)
			ExecutionOrderSort2 (0ms)
			AwakeInstancesAfterBackupRestoration (8ms)
Platform modules already initialized, skipping
Refreshing native plugins compatible for Editor in 0.38 ms, found 2 plugins.
Preloading 0 native plugins for Editor in 0.00 ms.
Unloading 1492 Unused Serialized files (Serialized files now loaded: 0)
System memory in use before: 68.9 MB.
System memory in use after: 69.1 MB.

Unloading 14 unused Assets to reduce memory usage. Loaded Objects now: 1934.
Total: 2.880000 ms (FindLiveObjects: 0.167100 ms CreateObjectMapping: 0.063800 ms MarkObjects: 2.629800 ms  DeleteObjects: 0.018100 ms)

AssetImportParameters requested are different than current active one (requested -> active):
  custom:framework-win-MediaFoundation: 216162199b28c13a410421893ffa2e32 -> 
  custom:video-decoder-ogg-theora: a1e56fd34408186e4bbccfd4996cb3dc -> 
  custom:container-muxer-webm: aa71ff27fc2769a1b78a27578f13a17b -> 
  custom:container-demuxer-webm: 4f35f7cbe854078d1ac9338744f61a02 -> 
  custom:container-demuxer-ogg: 62fdf1f143b41e24485cea50d1cbac27 -> 
  custom:video-encoder-webm-vp8: eb34c28f22e8b96e1ab97ce403110664 -> 
  custom:video-codec-MediaFoundation-h265: 746d11721c4dcdbdad8f713fa42b33f4 -> 
  custom:video-decoder-webm-vp8: 9c59270c3fd7afecdb556c50c9e8de78 -> 
  custom:audio-decoder-ogg-vorbis: bf7c407c2cedff20999df2af8eb42d56 -> 
  custom:audio-encoder-webm-vorbis: bf7c407c2cedff20999df2af8eb42d56 -> 
========================================================================
Received Import Request.
  Time since last request: 910.861124 seconds.
  path: Assets/Scenes/SampleScene.unity
  artifactKey: Guid(9fc0d4010bbf28b4594072e72b8655ab) Importer(815301076,1909f56bfc062723c751e8b465ee728b)
Start importing Assets/Scenes/SampleScene.unity using Guid(9fc0d4010bbf28b4594072e72b8655ab) Importer(815301076,1909f56bfc062723c751e8b465ee728b)  -> (artifact id: '85059f4f9e1a832ed95adaa0d25c5c4c') in 0.045452 seconds 
  Import took 0.055809 seconds .

========================================================================
Received Prepare
Registering precompiled user dll's ...
Registered in 0.064666 seconds.
Begin MonoManager ReloadAssembly
Native extension for WindowsStandalone target not found
Native extension for WebGL target not found
Refreshing native plugins compatible for Editor in 0.44 ms, found 2 plugins.
Preloading 0 native plugins for Editor in 0.00 ms.
Mono: successfully reloaded assembly
- Completed reload, in  1.651 seconds
Domain Reload Profiling:
	ReloadAssembly (1652ms)
		BeginReloadAssembly (185ms)
			ExecutionOrderSort (0ms)
			DisableScriptedObjects (6ms)
			BackupInstance (0ms)
			ReleaseScriptingObjects (0ms)
			CreateAndSetChildDomain (56ms)
		EndReloadAssembly (1349ms)
			LoadAssemblies (163ms)
			RebuildTransferFunctionScriptingTraits (0ms)
			SetupTypeCache (558ms)
			ReleaseScriptCaches (1ms)
			RebuildScriptCaches (52ms)
			SetupLoadedEditorAssemblies (400ms)
				LogAssemblyErrors (0ms)
				InitializePlatformSupportModulesInManaged (9ms)
				SetLoadedEditorAssemblies (1ms)
				RefreshPlugins (1ms)
				BeforeProcessingInitializeOnLoad (114ms)
				ProcessInitializeOnLoadAttributes (258ms)
				ProcessInitializeOnLoadMethodAttributes (15ms)
				AfterProcessingInitializeOnLoad (2ms)
				EditorAssembliesLoaded (0ms)
			ExecutionOrderSort2 (0ms)
			AwakeInstancesAfterBackupRestoration (14ms)
Platform modules already initialized, skipping
Refreshing native plugins compatible for Editor in 0.38 ms, found 2 plugins.
Preloading 0 native plugins for Editor in 0.00 ms.
Unloading 1492 Unused Serialized files (Serialized files now loaded: 0)
System memory in use before: 69.0 MB.
System memory in use after: 69.1 MB.

Unloading 14 unused Assets to reduce memory usage. Loaded Objects now: 1936.
Total: 3.559400 ms (FindLiveObjects: 0.189500 ms CreateObjectMapping: 0.076600 ms MarkObjects: 3.261700 ms  DeleteObjects: 0.030200 ms)

AssetImportParameters requested are different than current active one (requested -> active):
  custom:framework-win-MediaFoundation: 216162199b28c13a410421893ffa2e32 -> 
  custom:video-decoder-ogg-theora: a1e56fd34408186e4bbccfd4996cb3dc -> 
  custom:container-muxer-webm: aa71ff27fc2769a1b78a27578f13a17b -> 
  custom:container-demuxer-webm: 4f35f7cbe854078d1ac9338744f61a02 -> 
  custom:container-demuxer-ogg: 62fdf1f143b41e24485cea50d1cbac27 -> 
  custom:video-encoder-webm-vp8: eb34c28f22e8b96e1ab97ce403110664 -> 
  custom:video-codec-MediaFoundation-h265: 746d11721c4dcdbdad8f713fa42b33f4 -> 
  custom:video-decoder-webm-vp8: 9c59270c3fd7afecdb556c50c9e8de78 -> 
  custom:audio-decoder-ogg-vorbis: bf7c407c2cedff20999df2af8eb42d56 -> 
  custom:audio-encoder-webm-vorbis: bf7c407c2cedff20999df2af8eb42d56 -> 
========================================================================
Received Import Request.
  Time since last request: 180.137097 seconds.
  path: Assets/SwampHouse/Models/House/Texs/Switch/Switch.png
  artifactKey: Guid(f5d0dbfe9cfc1b6499b87d01730e9ca3) Importer(815301076,1909f56bfc062723c751e8b465ee728b)
Start importing Assets/SwampHouse/Models/House/Texs/Switch/Switch.png using Guid(f5d0dbfe9cfc1b6499b87d01730e9ca3) Importer(815301076,1909f56bfc062723c751e8b465ee728b)  -> (artifact id: '241bd1a416f12cdfa9e0c8f5b49845b2') in 1.193458 seconds 
  Import took 1.253257 seconds .

========================================================================
Received Import Request.
  Time since last request: 413.368717 seconds.
  path: Assets/SwampHouse/Prefabs
  artifactKey: Guid(fd49791101b871641bb5ed609ce3b715) Importer(815301076,1909f56bfc062723c751e8b465ee728b)
Start importing Assets/SwampHouse/Prefabs using Guid(fd49791101b871641bb5ed609ce3b715) Importer(815301076,1909f56bfc062723c751e8b465ee728b)  -> (artifact id: '07d26d403c80c254dc6f783593d9f017') in 0.136908 seconds 
  Import took 0.258827 seconds .

========================================================================
Received Import Request.
  Time since last request: 6.389474 seconds.
  path: Assets/SwampHouse/Prefabs/Full
  artifactKey: Guid(d8fb11979c4849840bb5d64ef64d08b3) Importer(815301076,1909f56bfc062723c751e8b465ee728b)
Start importing Assets/SwampHouse/Prefabs/Full using Guid(d8fb11979c4849840bb5d64ef64d08b3) Importer(815301076,1909f56bfc062723c751e8b465ee728b)  -> (artifact id: 'ccabf4358d8e705f8ee8f690d1502153') in 0.086495 seconds 
  Import took 0.134260 seconds .

========================================================================
Received Import Request.
  Time since last request: 26.196479 seconds.
  path: Assets/SwampHouse/Models/Barrel
  artifactKey: Guid(0b8d52c6d2438d64ea0a5149265b1468) Importer(815301076,1909f56bfc062723c751e8b465ee728b)
Start importing Assets/SwampHouse/Models/Barrel using Guid(0b8d52c6d2438d64ea0a5149265b1468) Importer(815301076,1909f56bfc062723c751e8b465ee728b)  -> (artifact id: '160d36de618190ee94ba8c0cfaa25c18') in 0.017945 seconds 
  Import took 0.602303 seconds .

========================================================================
Received Import Request.
  Time since last request: 1.064132 seconds.
  path: Assets/SwampHouse/Models/House
  artifactKey: Guid(f11b34a02295fe645be72694a6037a7b) Importer(815301076,1909f56bfc062723c751e8b465ee728b)
Start importing Assets/SwampHouse/Models/House using Guid(f11b34a02295fe645be72694a6037a7b) Importer(815301076,1909f56bfc062723c751e8b465ee728b)  -> (artifact id: '6771860866247204e3167e711da84f7b') in 0.019050 seconds 
  Import took 0.141957 seconds .

========================================================================
Received Import Request.
  Time since last request: 225.282610 seconds.
  path: Assets/SwampHouse/HideOut.prefab
  artifactKey: Guid(a38e844f4989a9049bb43defcf805a3b) Importer(815301076,1909f56bfc062723c751e8b465ee728b)
Start importing Assets/SwampHouse/HideOut.prefab using Guid(a38e844f4989a9049bb43defcf805a3b) Importer(815301076,1909f56bfc062723c751e8b465ee728b)  -> (artifact id: 'd7c1c88d52a9c5e8e536690812b34bb3') in 3.327427 seconds 
  Import took 3.332346 seconds .

========================================================================
Received Import Request.
  Time since last request: 1.913777 seconds.
  path: Assets/SwampHouse/swamphouse.unity
  artifactKey: Guid(36c44b31e2188f441a602c84f4fa8b7e) Importer(815301076,1909f56bfc062723c751e8b465ee728b)
Start importing Assets/SwampHouse/swamphouse.unity using Guid(36c44b31e2188f441a602c84f4fa8b7e) Importer(815301076,1909f56bfc062723c751e8b465ee728b)  -> (artifact id: '8fa8f32b23f7bf55c09a822a5d5ac9fc') in 0.012698 seconds 
  Import took 0.017701 seconds .

========================================================================
Received Import Request.
  Time since last request: 0.654096 seconds.
  path: Assets/SwampHouse/swamphouse.unity
  artifactKey: Guid(36c44b31e2188f441a602c84f4fa8b7e) Importer(815301076,1909f56bfc062723c751e8b465ee728b)
Start importing Assets/SwampHouse/swamphouse.unity using Guid(36c44b31e2188f441a602c84f4fa8b7e) Importer(815301076,1909f56bfc062723c751e8b465ee728b)  -> (artifact id: '5e1e98625adc3b2dc5f55773549b69c4') in 0.014437 seconds 
  Import took 0.058838 seconds .

========================================================================
Received Import Request.
  Time since last request: 7.338097 seconds.
  path: Assets/SwampHouse/HideOut.unity
  artifactKey: Guid(36c44b31e2188f441a602c84f4fa8b7e) Importer(815301076,1909f56bfc062723c751e8b465ee728b)
Start importing Assets/SwampHouse/HideOut.unity using Guid(36c44b31e2188f441a602c84f4fa8b7e) Importer(815301076,1909f56bfc062723c751e8b465ee728b)  -> (artifact id: 'affceeaef67ca981e5be3894552cb8bc') in 0.038749 seconds 
  Import took 0.133414 seconds .

========================================================================
Received Import Request.
  Time since last request: 247.614079 seconds.
  path: Assets/HideOut/Models/Barrel/Barrel.png
  artifactKey: Guid(00acdf519c9684e4b8ce6ce254a565a3) Importer(815301076,1909f56bfc062723c751e8b465ee728b)
Start importing Assets/HideOut/Models/Barrel/Barrel.png using Guid(00acdf519c9684e4b8ce6ce254a565a3) Importer(815301076,1909f56bfc062723c751e8b465ee728b)  -> (artifact id: 'dd412e5357789a9fe37fa956300b1c73') in 0.041919 seconds 
  Import took 0.136129 seconds .

========================================================================
Received Import Request.
  Time since last request: 0.020314 seconds.
  path: Assets/HideOut/Models/House/Texs/Switch
  artifactKey: Guid(484ccab2633e9ed4eb70c29aaf2203d3) Importer(815301076,1909f56bfc062723c751e8b465ee728b)
Start importing Assets/HideOut/Models/House/Texs/Switch using Guid(484ccab2633e9ed4eb70c29aaf2203d3) Importer(815301076,1909f56bfc062723c751e8b465ee728b)  -> (artifact id: '15514716338f104a51d3da4914b3258f') in 0.003328 seconds 
  Import took 0.071063 seconds .

========================================================================
Received Import Request.
  Time since last request: 0.003201 seconds.
  path: Assets/HideOut/Models/Table/model_Table_Mt_Roughness.png
  artifactKey: Guid(d22ac5b25013a814db70392c0f16bc1c) Importer(815301076,1909f56bfc062723c751e8b465ee728b)
Start importing Assets/HideOut/Models/Table/model_Table_Mt_Roughness.png using Guid(d22ac5b25013a814db70392c0f16bc1c) Importer(815301076,1909f56bfc062723c751e8b465ee728b)  -> (artifact id: '356ff6273ed727f5da8e12f9fdb6dc31') in 0.018695 seconds 
  Import took 0.021879 seconds .

========================================================================
Received Import Request.
  Time since last request: 0.029040 seconds.
  path: Assets/HideOut/Models/Barrel/Materials
  artifactKey: Guid(0a3aebaf0e063fe40af02fc7b22f772b) Importer(815301076,1909f56bfc062723c751e8b465ee728b)
Start importing Assets/HideOut/Models/Barrel/Materials using Guid(0a3aebaf0e063fe40af02fc7b22f772b) Importer(815301076,1909f56bfc062723c751e8b465ee728b)  -> (artifact id: 'd2f48543ade0a73d25a19bc32d80e716') in 0.010788 seconds 
  Import took 0.041790 seconds .

========================================================================
Received Import Request.
  Time since last request: 0.002771 seconds.
  path: Assets/HideOut/Models/House/Texs/Wood_floor_out_spec.png
  artifactKey: Guid(715d6e9cc4a36464f8a67d9626be5cb9) Importer(815301076,1909f56bfc062723c751e8b465ee728b)
Start importing Assets/HideOut/Models/House/Texs/Wood_floor_out_spec.png using Guid(715d6e9cc4a36464f8a67d9626be5cb9) Importer(815301076,1909f56bfc062723c751e8b465ee728b)  -> (artifact id: '913b891d74a3cd56fecefebe7bac9c46') in 0.017708 seconds 
  Import took 0.021482 seconds .

========================================================================
Received Import Request.
  Time since last request: 0.026316 seconds.
  path: Assets/HideOut/Prefabs/Barrel 1.prefab
  artifactKey: Guid(03f0fa8f9c151c046ad30e5b776dbeae) Importer(815301076,1909f56bfc062723c751e8b465ee728b)
Start importing Assets/HideOut/Prefabs/Barrel 1.prefab using Guid(03f0fa8f9c151c046ad30e5b776dbeae) Importer(815301076,1909f56bfc062723c751e8b465ee728b)  -> (artifact id: 'bdd29f6cdd48914a80452e0643d16c44') in 0.079145 seconds 
  Import took 0.150716 seconds .

========================================================================
Received Import Request.
  Time since last request: 0.018188 seconds.
  path: Assets/HideOut/Models/House/Mets/Corrugate.mat
  artifactKey: Guid(5e7d5f3c652456f4d864ff964f6a8783) Importer(815301076,1909f56bfc062723c751e8b465ee728b)
Start importing Assets/HideOut/Models/House/Mets/Corrugate.mat using Guid(5e7d5f3c652456f4d864ff964f6a8783) Importer(815301076,1909f56bfc062723c751e8b465ee728b)  -> (artifact id: 'cea2e53e998c79ec253e72c504e38fca') in 0.656201 seconds 
  Import took 0.661635 seconds .

========================================================================
Received Import Request.
  Time since last request: 0.010238 seconds.
  path: Assets/HideOut/Models/Table
  artifactKey: Guid(862e89f0de7e987419522651acf47b60) Importer(815301076,1909f56bfc062723c751e8b465ee728b)
Start importing Assets/HideOut/Models/Table using Guid(862e89f0de7e987419522651acf47b60) Importer(815301076,1909f56bfc062723c751e8b465ee728b)  -> (artifact id: '5ec9804f0be036d4fd33757aabeea624') in 0.013617 seconds 
  Import took 0.016822 seconds .

========================================================================
Received Import Request.
  Time since last request: 0.002170 seconds.
  path: Assets/HideOut/Models/Barrel/barrel.fbx
  artifactKey: Guid(be36f7363531d4043bc66e2f7355e45c) Importer(815301076,1909f56bfc062723c751e8b465ee728b)
Start importing Assets/HideOut/Models/Barrel/barrel.fbx using Guid(be36f7363531d4043bc66e2f7355e45c) Importer(815301076,1909f56bfc062723c751e8b465ee728b)  -> (artifact id: '43c7ac41a4493634fc378a023ef5bea0') in 0.258933 seconds 
  Import took 0.363814 seconds .

========================================================================
Received Import Request.
  Time since last request: 0.015093 seconds.
  path: Assets/HideOut/Models/Table/model_Table_Mt_Normal.png
  artifactKey: Guid(b068c875c2be1dc4e8cde70bc1f4a516) Importer(815301076,1909f56bfc062723c751e8b465ee728b)
Start importing Assets/HideOut/Models/Table/model_Table_Mt_Normal.png using Guid(b068c875c2be1dc4e8cde70bc1f4a516) Importer(815301076,1909f56bfc062723c751e8b465ee728b)  -> (artifact id: 'c4e70dd1989c0d0708302091b9ae6227') in 0.029923 seconds 
  Import took 0.100868 seconds .

========================================================================
Received Import Request.
  Time since last request: 0.015329 seconds.
  path: Assets/HideOut/Models/House/Mets/Button.mat
  artifactKey: Guid(67f32a368730a484d89cfc44a6359fe8) Importer(815301076,1909f56bfc062723c751e8b465ee728b)
Start importing Assets/HideOut/Models/House/Mets/Button.mat using Guid(67f32a368730a484d89cfc44a6359fe8) Importer(815301076,1909f56bfc062723c751e8b465ee728b)  -> (artifact id: '70cd776b3a7eb24561c1893176efe4d1') in 0.058447 seconds 
  Import took 0.108711 seconds .

========================================================================
Received Import Request.
  Time since last request: 0.012111 seconds.
  path: Assets/HideOut/Models/House/Texs/Switch/Bulb.png
  artifactKey: Guid(5288d4a1a8bb366499466d72c7e1e6ce) Importer(815301076,1909f56bfc062723c751e8b465ee728b)
Start importing Assets/HideOut/Models/House/Texs/Switch/Bulb.png using Guid(5288d4a1a8bb366499466d72c7e1e6ce) Importer(815301076,1909f56bfc062723c751e8b465ee728b)  -> (artifact id: '839d02d1235d97ee23cf289e23edfe6d') in 0.055925 seconds 
  Import took 0.090618 seconds .

========================================================================
Received Import Request.
  Time since last request: 0.030456 seconds.
  path: Assets/HideOut/Models/House/Texs/Wooden_Floor.png
  artifactKey: Guid(2f015f66972f10b40a03beeb7e1e1272) Importer(815301076,1909f56bfc062723c751e8b465ee728b)
Start importing Assets/HideOut/Models/House/Texs/Wooden_Floor.png using Guid(2f015f66972f10b40a03beeb7e1e1272) Importer(815301076,1909f56bfc062723c751e8b465ee728b)  -> (artifact id: '7d3038d51b973457a367fd036de5fd6e') in 0.023283 seconds 
  Import took 0.098150 seconds .

========================================================================
Received Import Request.
  Time since last request: 0.018169 seconds.
  path: Assets/HideOut/Models/House/swamphouse 2.fbx
  artifactKey: Guid(22f4c99a3ca59f14a9c34501b9752391) Importer(815301076,1909f56bfc062723c751e8b465ee728b)
Start importing Assets/HideOut/Models/House/swamphouse 2.fbx using Guid(22f4c99a3ca59f14a9c34501b9752391) Importer(815301076,1909f56bfc062723c751e8b465ee728b)  -> (artifact id: '8684fd6bf53384ea443d59bb4eb73a39') in 0.211138 seconds 
  Import took 0.266589 seconds .

========================================================================
Received Import Request.
  Time since last request: 0.013138 seconds.
  path: Assets/HideOut/Models/Radio/Headphone/Headphone/Sponge.tif
  artifactKey: Guid(7dfeec3f9ff33f948be1e3a2657c1866) Importer(815301076,1909f56bfc062723c751e8b465ee728b)
Start importing Assets/HideOut/Models/Radio/Headphone/Headphone/Sponge.tif using Guid(7dfeec3f9ff33f948be1e3a2657c1866) Importer(815301076,1909f56bfc062723c751e8b465ee728b)  -> (artifact id: '2a36c6cd654355428a4a45e3733416b3') in 0.029746 seconds 
  Import took 0.100984 seconds .

========================================================================
Received Import Request.
  Time since last request: 0.018438 seconds.
  path: Assets/HideOut/Models/House/Mets/Push_glow.mat
  artifactKey: Guid(1aa55182167c54f4bad759c87d7083ea) Importer(815301076,1909f56bfc062723c751e8b465ee728b)
Start importing Assets/HideOut/Models/House/Mets/Push_glow.mat using Guid(1aa55182167c54f4bad759c87d7083ea) Importer(815301076,1909f56bfc062723c751e8b465ee728b)  -> (artifact id: '33088ef8252ad9bed0152bbe890a2477') in 0.018548 seconds 
  Import took 0.080683 seconds .

========================================================================
Received Import Request.
  Time since last request: 0.009307 seconds.
  path: Assets/HideOut/Models/House/Mets/Switch.mat
  artifactKey: Guid(81af3989b28f1c74487e89c25a11378e) Importer(815301076,1909f56bfc062723c751e8b465ee728b)
Start importing Assets/HideOut/Models/House/Mets/Switch.mat using Guid(81af3989b28f1c74487e89c25a11378e) Importer(815301076,1909f56bfc062723c751e8b465ee728b)  -> (artifact id: 'c5c53c1ee69e6a1032eb546d43421f81') in 0.019508 seconds 
  Import took 0.095118 seconds .

========================================================================
Received Import Request.
  Time since last request: 0.011530 seconds.
  path: Assets/HideOut/Models/Radio/Headphone/Headphone/Plastic.tif
  artifactKey: Guid(4acf163af5b6bf04db732e6e09724394) Importer(815301076,1909f56bfc062723c751e8b465ee728b)
Start importing Assets/HideOut/Models/Radio/Headphone/Headphone/Plastic.tif using Guid(4acf163af5b6bf04db732e6e09724394) Importer(815301076,1909f56bfc062723c751e8b465ee728b)  -> (artifact id: 'ac5a40cb97c48a894264e3fde21913f2') in 0.017615 seconds 
  Import took 0.025071 seconds .

========================================================================
Received Import Request.
  Time since last request: 0.030995 seconds.
  path: Assets/HideOut/Prefabs/Radio_leftover.prefab
  artifactKey: Guid(c071178be0f88fd4d997db9c9910b2e5) Importer(815301076,1909f56bfc062723c751e8b465ee728b)
Start importing Assets/HideOut/Prefabs/Radio_leftover.prefab using Guid(c071178be0f88fd4d997db9c9910b2e5) Importer(815301076,1909f56bfc062723c751e8b465ee728b)  -> (artifact id: 'c6a738b954d993f6e9c94e0bb107fc2e') in 0.095653 seconds 
  Import took 0.144590 seconds .

========================================================================
Received Import Request.
  Time since last request: 0.004107 seconds.
  path: Assets/HideOut/Models/Table/Materials/model_Table_Mt_BaseColor.mat
  artifactKey: Guid(c3664615795ad3b4aa8f0e28dd6a662c) Importer(815301076,1909f56bfc062723c751e8b465ee728b)
Start importing Assets/HideOut/Models/Table/Materials/model_Table_Mt_BaseColor.mat using Guid(c3664615795ad3b4aa8f0e28dd6a662c) Importer(815301076,1909f56bfc062723c751e8b465ee728b)  -> (artifact id: 'af5f7fdcd1f44831931d198876f61a25') in 0.028153 seconds 
  Import took 0.096759 seconds .

========================================================================
Received Import Request.
  Time since last request: 0.040193 seconds.
  path: Assets/HideOut/Prefabs/Stool.prefab
  artifactKey: Guid(2722b6e3857d0aa4b8b7a5aac4b67dcc) Importer(815301076,1909f56bfc062723c751e8b465ee728b)
Start importing Assets/HideOut/Prefabs/Stool.prefab using Guid(2722b6e3857d0aa4b8b7a5aac4b67dcc) Importer(815301076,1909f56bfc062723c751e8b465ee728b)  -> (artifact id: '169111426b62a21478e5ff953daac7ee') in 0.035990 seconds 
  Import took 0.054860 seconds .

========================================================================
Received Import Request.
  Time since last request: 0.034509 seconds.
  path: Assets/HideOut/Models/Radio/Tex/_2.tif
  artifactKey: Guid(ff3b813dee1059241ab45dbd874a684f) Importer(815301076,1909f56bfc062723c751e8b465ee728b)
Start importing Assets/HideOut/Models/Radio/Tex/_2.tif using Guid(ff3b813dee1059241ab45dbd874a684f) Importer(815301076,1909f56bfc062723c751e8b465ee728b)  -> (artifact id: 'c57d6c2b355437951906fa6106a0389c') in 0.055208 seconds 
  Import took 0.061251 seconds .

========================================================================
Received Import Request.
  Time since last request: 0.027910 seconds.
  path: Assets/HideOut/Models/House/Texs/Switch/Wire.png
  artifactKey: Guid(de375d3b9d65131439874bd4624a97e6) Importer(815301076,1909f56bfc062723c751e8b465ee728b)
Start importing Assets/HideOut/Models/House/Texs/Switch/Wire.png using Guid(de375d3b9d65131439874bd4624a97e6) Importer(815301076,1909f56bfc062723c751e8b465ee728b)  -> (artifact id: '6acfff26ee86b4b18ae660ede822c6de') in 0.026423 seconds 
  Import took 0.098379 seconds .

========================================================================
Received Import Request.
  Time since last request: 0.070262 seconds.
  path: Assets/HideOut/Models/Table/Table 2.fbx
  artifactKey: Guid(8a05f0578b071dd4c856c307475ebc95) Importer(815301076,1909f56bfc062723c751e8b465ee728b)
Start importing Assets/HideOut/Models/Table/Table 2.fbx using Guid(8a05f0578b071dd4c856c307475ebc95) Importer(815301076,1909f56bfc062723c751e8b465ee728b)  -> (artifact id: '3f9cdaf319bcea546344ec2bed847cd3') in 0.035514 seconds 
  Import took 0.062613 seconds .

========================================================================
Received Import Request.
  Time since last request: 0.031717 seconds.
  path: Assets/HideOut/Models/House/Mets/Wood_planks.mat
  artifactKey: Guid(bc96f4e13b5d09547baf280f33357926) Importer(815301076,1909f56bfc062723c751e8b465ee728b)
Start importing Assets/HideOut/Models/House/Mets/Wood_planks.mat using Guid(bc96f4e13b5d09547baf280f33357926) Importer(815301076,1909f56bfc062723c751e8b465ee728b)  -> (artifact id: '6903f339b5ad6aca0cd289679c273708') in 0.023275 seconds 
  Import took 0.087434 seconds .

========================================================================
Received Import Request.
  Time since last request: 0.017089 seconds.
  path: Assets/HideOut/Models/House/Texs/Metal.png
  artifactKey: Guid(a1abab6643db8bd40b559182c80c44a8) Importer(815301076,1909f56bfc062723c751e8b465ee728b)
Start importing Assets/HideOut/Models/House/Texs/Metal.png using Guid(a1abab6643db8bd40b559182c80c44a8) Importer(815301076,1909f56bfc062723c751e8b465ee728b)  -> (artifact id: '1a1a68e7a1473d5e470b179770466fb7') in 0.017699 seconds 
  Import took 0.021320 seconds .

========================================================================
Received Import Request.
  Time since last request: 0.014915 seconds.
  path: Assets/HideOut/Models/Barrel/Materials/Barrel.mat
  artifactKey: Guid(9d6239a5718cd1e48be24819bb5a2933) Importer(815301076,1909f56bfc062723c751e8b465ee728b)
Start importing Assets/HideOut/Models/Barrel/Materials/Barrel.mat using Guid(9d6239a5718cd1e48be24819bb5a2933) Importer(815301076,1909f56bfc062723c751e8b465ee728b)  -> (artifact id: 'cbf34bd3422b42c12cf14b17dc68821a') in 0.025645 seconds 
  Import took 0.028760 seconds .

========================================================================
Received Import Request.
  Time since last request: 0.014955 seconds.
  path: Assets/HideOut/Models/Barrel/Barrel_spec.png
  artifactKey: Guid(dd6d88b01ebed044db06d3218f4d8d20) Importer(815301076,1909f56bfc062723c751e8b465ee728b)
Start importing Assets/HideOut/Models/Barrel/Barrel_spec.png using Guid(dd6d88b01ebed044db06d3218f4d8d20) Importer(815301076,1909f56bfc062723c751e8b465ee728b)  -> (artifact id: '2a96b16a6183ddb6e4f5d4678c6abd70') in 0.039377 seconds 
  Import took 0.044109 seconds .

========================================================================
Received Import Request.
  Time since last request: 0.017448 seconds.
  path: Assets/HideOut/Models/House/Texs/Stool_nm.png
  artifactKey: Guid(f27ba296952c582499ae4671ec03687b) Importer(815301076,1909f56bfc062723c751e8b465ee728b)
Start importing Assets/HideOut/Models/House/Texs/Stool_nm.png using Guid(f27ba296952c582499ae4671ec03687b) Importer(815301076,1909f56bfc062723c751e8b465ee728b)  -> (artifact id: 'da12aa59acce38624171d75d9b49c968') in 0.018742 seconds 
  Import took 0.025638 seconds .

========================================================================
Received Import Request.
  Time since last request: 0.119968 seconds.
  path: Assets/HideOut/Models/Table/Materials
  artifactKey: Guid(8a68d71133842a94eaed9b814340092e) Importer(815301076,1909f56bfc062723c751e8b465ee728b)
Start importing Assets/HideOut/Models/Table/Materials using Guid(8a68d71133842a94eaed9b814340092e) Importer(815301076,1909f56bfc062723c751e8b465ee728b)  -> (artifact id: '1d713a7de58efa0cff995a8b0ff28fdf') in 0.007230 seconds 
  Import took 0.013139 seconds .

========================================================================
Received Import Request.
  Time since last request: 0.004009 seconds.
  path: Assets/HideOut/Ground_Mat.mat
  artifactKey: Guid(125f7e13424def647a39da8ba7baa25d) Importer(815301076,1909f56bfc062723c751e8b465ee728b)
Start importing Assets/HideOut/Ground_Mat.mat using Guid(125f7e13424def647a39da8ba7baa25d) Importer(815301076,1909f56bfc062723c751e8b465ee728b)  -> (artifact id: '41f195b2a4e87e80e82e588e373cc7c1') in 0.017795 seconds 
  Import took 0.022199 seconds .

========================================================================
Received Import Request.
  Time since last request: 0.016736 seconds.
  path: Assets/HideOut/Models/Radio/Headphone/Headphone/Leather.tif
  artifactKey: Guid(6c75db71ec7876a47a2cad5fb007600f) Importer(815301076,1909f56bfc062723c751e8b465ee728b)
Start importing Assets/HideOut/Models/Radio/Headphone/Headphone/Leather.tif using Guid(6c75db71ec7876a47a2cad5fb007600f) Importer(815301076,1909f56bfc062723c751e8b465ee728b)  -> (artifact id: '97da83cc5a5ab679439c1fa0387d6eb8') in 0.015821 seconds 
  Import took 0.145255 seconds .

========================================================================
Received Import Request.
  Time since last request: 0.013290 seconds.
  path: Assets/HideOut/Models/Barrel/Barrel_norm.png
  artifactKey: Guid(1d86a606c71cb164da0996ab54acf437) Importer(815301076,1909f56bfc062723c751e8b465ee728b)
Start importing Assets/HideOut/Models/Barrel/Barrel_norm.png using Guid(1d86a606c71cb164da0996ab54acf437) Importer(815301076,1909f56bfc062723c751e8b465ee728b)  -> (artifact id: 'bff453edfce1fc2b9f251081516eb7c2') in 0.017880 seconds 
  Import took 0.021429 seconds .

========================================================================
Received Import Request.
  Time since last request: 0.007270 seconds.
  path: Assets/HideOut/Models/Radio/Tex
  artifactKey: Guid(0bf20cef454b7f149938264a0cfedcda) Importer(815301076,1909f56bfc062723c751e8b465ee728b)
Start importing Assets/HideOut/Models/Radio/Tex using Guid(0bf20cef454b7f149938264a0cfedcda) Importer(815301076,1909f56bfc062723c751e8b465ee728b)  -> (artifact id: '675b853f65b98543f31e0e3535213bf3') in 0.009868 seconds 
  Import took 0.014056 seconds .

========================================================================
Received Import Request.
  Time since last request: 0.002935 seconds.
  path: Assets/HideOut/Models/Barrel/Barrel2_norm.png
  artifactKey: Guid(fa52d4669c522de4b9b1da06e731c3dc) Importer(815301076,1909f56bfc062723c751e8b465ee728b)
Start importing Assets/HideOut/Models/Barrel/Barrel2_norm.png using Guid(fa52d4669c522de4b9b1da06e731c3dc) Importer(815301076,1909f56bfc062723c751e8b465ee728b)  -> (artifact id: '672a3c534a8abe8139ed783d10af16d5') in 0.017332 seconds 
  Import took 0.024006 seconds .

========================================================================
Received Import Request.
  Time since last request: 0.041089 seconds.
  path: Assets/HideOut/Models/Barrel/Materials/Barrel2.mat
  artifactKey: Guid(15524d6a97edcb348b136b7278bc98fb) Importer(815301076,1909f56bfc062723c751e8b465ee728b)
Start importing Assets/HideOut/Models/Barrel/Materials/Barrel2.mat using Guid(15524d6a97edcb348b136b7278bc98fb) Importer(815301076,1909f56bfc062723c751e8b465ee728b)  -> (artifact id: '689bac57639c841142b80c332b0a04d4') in 0.136211 seconds 
  Import took 0.140487 seconds .

========================================================================
Received Import Request.
  Time since last request: 0.027740 seconds.
  path: Assets/HideOut/Models/House/Texs/Wood_floor_out.png
  artifactKey: Guid(219342aa09fe9d541a6b24195a01f126) Importer(815301076,1909f56bfc062723c751e8b465ee728b)
Start importing Assets/HideOut/Models/House/Texs/Wood_floor_out.png using Guid(219342aa09fe9d541a6b24195a01f126) Importer(815301076,1909f56bfc062723c751e8b465ee728b)  -> (artifact id: 'de06a1d302970830c4c2f2a5ee4b7e3c') in 0.021289 seconds 
  Import took 0.025533 seconds .

========================================================================
Received Import Request.
  Time since last request: 0.010564 seconds.
  path: Assets/HideOut/Models/Radio/Headphone/Headphone/Materials
  artifactKey: Guid(b87ea5f71b918f54ca4f1339aa268c9c) Importer(815301076,1909f56bfc062723c751e8b465ee728b)
Start importing Assets/HideOut/Models/Radio/Headphone/Headphone/Materials using Guid(b87ea5f71b918f54ca4f1339aa268c9c) Importer(815301076,1909f56bfc062723c751e8b465ee728b)  -> (artifact id: '867b58dec41836da8c5d3f6fd963cdf6') in 0.003008 seconds 
  Import took 0.009076 seconds .

========================================================================
Received Import Request.
  Time since last request: 0.012105 seconds.
  path: Assets/HideOut/Models/House/Mets/Bulb-on.mat
  artifactKey: Guid(d9f467314ce6d564ca1ea76b8f63a5a7) Importer(815301076,1909f56bfc062723c751e8b465ee728b)
Start importing Assets/HideOut/Models/House/Mets/Bulb-on.mat using Guid(d9f467314ce6d564ca1ea76b8f63a5a7) Importer(815301076,1909f56bfc062723c751e8b465ee728b)  -> (artifact id: '490be610511a9a00bcb23e14dcb3b020') in 1.047414 seconds 
  Import took 1.050493 seconds .

========================================================================
Received Import Request.
  Time since last request: 0.006843 seconds.
  path: Assets/HideOut/Models/House/Texs/Metal_spec.png
  artifactKey: Guid(9505384b893207d4e880d0f4e44c845a) Importer(815301076,1909f56bfc062723c751e8b465ee728b)
Start importing Assets/HideOut/Models/House/Texs/Metal_spec.png using Guid(9505384b893207d4e880d0f4e44c845a) Importer(815301076,1909f56bfc062723c751e8b465ee728b)  -> (artifact id: 'bb69c9b7fed02774210a6328b75a8623') in 0.014930 seconds 
  Import took 0.030345 seconds .

========================================================================
Received Import Request.
  Time since last request: 0.009185 seconds.
  path: Assets/HideOut/Models
  artifactKey: Guid(a64b5987902a8d149bc6fcbccebbe964) Importer(815301076,1909f56bfc062723c751e8b465ee728b)
Start importing Assets/HideOut/Models using Guid(a64b5987902a8d149bc6fcbccebbe964) Importer(815301076,1909f56bfc062723c751e8b465ee728b)  -> (artifact id: '5b0323a3af4f1f821af03dbd32f3d161') in 0.089184 seconds 
  Import took 0.092831 seconds .

========================================================================
Received Import Request.
  Time since last request: 0.002605 seconds.
  path: Assets/HideOut/Models/House/Mets/Bulb-off.mat
  artifactKey: Guid(2b98517fe119ca647ba13b3e0e7175a8) Importer(815301076,1909f56bfc062723c751e8b465ee728b)
Start importing Assets/HideOut/Models/House/Mets/Bulb-off.mat using Guid(2b98517fe119ca647ba13b3e0e7175a8) Importer(815301076,1909f56bfc062723c751e8b465ee728b)  -> (artifact id: '02f9df659df54e99c9b834c773a966ce') in 0.019481 seconds 
  Import took 0.082664 seconds .

========================================================================
Received Import Request.
  Time since last request: 0.021724 seconds.
  path: Assets/HideOut/Models/House/Mets
  artifactKey: Guid(38b9de065ffcc9a40a47681e87df6a7f) Importer(815301076,1909f56bfc062723c751e8b465ee728b)
Start importing Assets/HideOut/Models/House/Mets using Guid(38b9de065ffcc9a40a47681e87df6a7f) Importer(815301076,1909f56bfc062723c751e8b465ee728b)  -> (artifact id: '40acfa83769f50d24e3d1bd8a9e82268') in 0.034042 seconds 
  Import took 0.052528 seconds .

========================================================================
Received Import Request.
  Time since last request: 0.004898 seconds.
  path: Assets/HideOut/Models/Radio/Headphone/Headphone.fbx
  artifactKey: Guid(f0e7998f077f28044a626b5c6e6163ec) Importer(815301076,1909f56bfc062723c751e8b465ee728b)
Start importing Assets/HideOut/Models/Radio/Headphone/Headphone.fbx using Guid(f0e7998f077f28044a626b5c6e6163ec) Importer(815301076,1909f56bfc062723c751e8b465ee728b)  -> (artifact id: '5afcfe9aff1320636f68fe6c2cc81093') in 0.056062 seconds 
  Import took 0.067044 seconds .

========================================================================
Received Import Request.
  Time since last request: 0.031759 seconds.
  path: Assets/HideOut/Prefabs/House.prefab
  artifactKey: Guid(b31fc469b564b8e4d84e9ddfe840121e) Importer(815301076,1909f56bfc062723c751e8b465ee728b)
Start importing Assets/HideOut/Prefabs/House.prefab using Guid(b31fc469b564b8e4d84e9ddfe840121e) Importer(815301076,1909f56bfc062723c751e8b465ee728b)  -> (artifact id: 'a9e8e6f53695cafb5e96cb3d0518fdda') in 0.041753 seconds 
  Import took 0.076587 seconds .

========================================================================
Received Import Request.
  Time since last request: 0.016583 seconds.
  path: Assets/HideOut/Models/Table/model_Table_Mt_BaseColor.png
  artifactKey: Guid(8b78a885d5a69aa489b35722478e58ca) Importer(815301076,1909f56bfc062723c751e8b465ee728b)
Start importing Assets/HideOut/Models/Table/model_Table_Mt_BaseColor.png using Guid(8b78a885d5a69aa489b35722478e58ca) Importer(815301076,1909f56bfc062723c751e8b465ee728b)  -> (artifact id: '5a5878d43584578b64af1149d3be7971') in 0.016706 seconds 
  Import took 0.019943 seconds .

========================================================================
Received Import Request.
  Time since last request: 0.037147 seconds.
  path: Assets/HideOut/Models/House/Texs
  artifactKey: Guid(1895b42f5dd2e7242b7aa437dd193459) Importer(815301076,1909f56bfc062723c751e8b465ee728b)
Start importing Assets/HideOut/Models/House/Texs using Guid(1895b42f5dd2e7242b7aa437dd193459) Importer(815301076,1909f56bfc062723c751e8b465ee728b)  -> (artifact id: 'b5ad5652e364679d8c71d0e7b9c1c061') in 0.008778 seconds 
  Import took 0.012198 seconds .

========================================================================
Received Import Request.
  Time since last request: 0.006719 seconds.
  path: Assets/HideOut/Models/House/Mets/Wire.mat
  artifactKey: Guid(964cbb1fd587c334e82a205911d7a74b) Importer(815301076,1909f56bfc062723c751e8b465ee728b)
Start importing Assets/HideOut/Models/House/Mets/Wire.mat using Guid(964cbb1fd587c334e82a205911d7a74b) Importer(815301076,1909f56bfc062723c751e8b465ee728b)  -> (artifact id: '26b07508b7314644dd2e9b3cb3743bcb') in 0.029857 seconds 
  Import took 0.033254 seconds .

========================================================================
Received Import Request.
  Time since last request: 0.014378 seconds.
  path: Assets/HideOut/Models/Radio/Radio.fbx
  artifactKey: Guid(9509c5b766352084a9e9847b113590b2) Importer(815301076,1909f56bfc062723c751e8b465ee728b)
Start importing Assets/HideOut/Models/Radio/Radio.fbx using Guid(9509c5b766352084a9e9847b113590b2) Importer(815301076,1909f56bfc062723c751e8b465ee728b)  -> (artifact id: 'dd2f576297719337eb1015e48f66746e') in 0.081779 seconds 
  Import took 0.085456 seconds .

========================================================================
Received Import Request.
  Time since last request: 0.011028 seconds.
  path: Assets/HideOut/Models/House/Texs/Wood_planks_sp.png
  artifactKey: Guid(e287c6d96ef208c4c8c27a259f13eb9a) Importer(815301076,1909f56bfc062723c751e8b465ee728b)
Start importing Assets/HideOut/Models/House/Texs/Wood_planks_sp.png using Guid(e287c6d96ef208c4c8c27a259f13eb9a) Importer(815301076,1909f56bfc062723c751e8b465ee728b)  -> (artifact id: 'f7153174f5d0b23b5f21ea3ec34c9fcc') in 0.026119 seconds 
  Import took 0.029266 seconds .

========================================================================
Received Import Request.
  Time since last request: 0.013611 seconds.
  path: Assets/HideOut/Models/House/Texs/Soft_Wood_nm.png
  artifactKey: Guid(cade57b1033a9b14f9aa816fe89b3b02) Importer(815301076,1909f56bfc062723c751e8b465ee728b)
Start importing Assets/HideOut/Models/House/Texs/Soft_Wood_nm.png using Guid(cade57b1033a9b14f9aa816fe89b3b02) Importer(815301076,1909f56bfc062723c751e8b465ee728b)  -> (artifact id: '97dad3c3e485ae5d8b1bf45a18837193') in 0.017175 seconds 
  Import took 0.020192 seconds .

========================================================================
Received Import Request.
  Time since last request: 0.011879 seconds.
  path: Assets/HideOut/Models/Radio/Tex/Materials/Power.mat
  artifactKey: Guid(dfd15a475aa92cc4aa4f8c3724fbf710) Importer(815301076,1909f56bfc062723c751e8b465ee728b)
Start importing Assets/HideOut/Models/Radio/Tex/Materials/Power.mat using Guid(dfd15a475aa92cc4aa4f8c3724fbf710) Importer(815301076,1909f56bfc062723c751e8b465ee728b)  -> (artifact id: '098f888a3aae2ca30da1fdc1bcb35a08') in 0.056258 seconds 
  Import took 0.126653 seconds .

========================================================================
Received Import Request.
  Time since last request: 0.005083 seconds.
  path: Assets/HideOut/Models/Table/Stool.fbx
  artifactKey: Guid(700f9ae30218c6a4686462db5b594800) Importer(815301076,1909f56bfc062723c751e8b465ee728b)
Start importing Assets/HideOut/Models/Table/Stool.fbx using Guid(700f9ae30218c6a4686462db5b594800) Importer(815301076,1909f56bfc062723c751e8b465ee728b)  -> (artifact id: '2349df32bb096b4277aeec7e1ac6d1fe') in 0.111811 seconds 
  Import took 0.121282 seconds .

========================================================================
Received Import Request.
  Time since last request: 0.013444 seconds.
  path: Assets/HideOut/Models/Radio/Tex/Display.tif
  artifactKey: Guid(152cc8cb36a12fe4c8f3763a27378fdb) Importer(815301076,1909f56bfc062723c751e8b465ee728b)
Start importing Assets/HideOut/Models/Radio/Tex/Display.tif using Guid(152cc8cb36a12fe4c8f3763a27378fdb) Importer(815301076,1909f56bfc062723c751e8b465ee728b)  -> (artifact id: '81b84020f20ca87f61b3f58adc47c018') in 0.056852 seconds 
  Import took 0.062418 seconds .

========================================================================
Received Import Request.
  Time since last request: 0.003416 seconds.
  path: Assets/HideOut/Models/Radio/Headphone
  artifactKey: Guid(25404e356cdfe1447ae6e55e1ace4a0e) Importer(815301076,1909f56bfc062723c751e8b465ee728b)
Start importing Assets/HideOut/Models/Radio/Headphone using Guid(25404e356cdfe1447ae6e55e1ace4a0e) Importer(815301076,1909f56bfc062723c751e8b465ee728b)  -> (artifact id: '02f83e956fbe8ae0a8a773989d2d9774') in 0.009269 seconds 
  Import took 0.012706 seconds .

========================================================================
Received Import Request.
  Time since last request: 0.002854 seconds.
  path: Assets/HideOut/Models/Barrel/Barrel2_spec.png
  artifactKey: Guid(86bff44eeee94104a965b5331c06e7c2) Importer(815301076,1909f56bfc062723c751e8b465ee728b)
Start importing Assets/HideOut/Models/Barrel/Barrel2_spec.png using Guid(86bff44eeee94104a965b5331c06e7c2) Importer(815301076,1909f56bfc062723c751e8b465ee728b)  -> (artifact id: '44aef379324eafae63a94b72f1d1c1c1') in 0.020920 seconds 
  Import took 0.024620 seconds .

========================================================================
Received Import Request.
  Time since last request: 0.010587 seconds.
  path: Assets/HideOut/Models/Radio/Tex/Materials
  artifactKey: Guid(5f99a7b62a848eb4abc80ec8a8a47732) Importer(815301076,1909f56bfc062723c751e8b465ee728b)
Start importing Assets/HideOut/Models/Radio/Tex/Materials using Guid(5f99a7b62a848eb4abc80ec8a8a47732) Importer(815301076,1909f56bfc062723c751e8b465ee728b)  -> (artifact id: '50b85f64e68a3aae755d2d4ff92583d2') in 0.005161 seconds 
  Import took 0.008810 seconds .

========================================================================
Received Import Request.
  Time since last request: 0.002462 seconds.
  path: Assets/HideOut/Prefabs/Barrel 2.prefab
  artifactKey: Guid(94b47ef13475e574a991120bc2f3703b) Importer(815301076,1909f56bfc062723c751e8b465ee728b)
Start importing Assets/HideOut/Prefabs/Barrel 2.prefab using Guid(94b47ef13475e574a991120bc2f3703b) Importer(815301076,1909f56bfc062723c751e8b465ee728b)  -> (artifact id: '2e0208ba8a1a882049809457be9069f8') in 0.020674 seconds 
  Import took 0.027322 seconds .

========================================================================
Received Import Request.
  Time since last request: 0.074803 seconds.
  path: Assets/HideOut/Models/House/Texs/Soft_Wood.png
  artifactKey: Guid(2442ff6ffb7fd6c4ba34bff96a533b67) Importer(815301076,1909f56bfc062723c751e8b465ee728b)
Start importing Assets/HideOut/Models/House/Texs/Soft_Wood.png using Guid(2442ff6ffb7fd6c4ba34bff96a533b67) Importer(815301076,1909f56bfc062723c751e8b465ee728b)  -> (artifact id: 'f2c18337047ce27d43c1372501d361bb') in 0.130469 seconds 
  Import took 0.157806 seconds .

========================================================================
Received Import Request.
  Time since last request: 0.013935 seconds.
  path: Assets/HideOut/Models/House/Texs/Wood_planks_nm.png
  artifactKey: Guid(0b5b49062602b4a4ca3f78990cf2e040) Importer(815301076,1909f56bfc062723c751e8b465ee728b)
Start importing Assets/HideOut/Models/House/Texs/Wood_planks_nm.png using Guid(0b5b49062602b4a4ca3f78990cf2e040) Importer(815301076,1909f56bfc062723c751e8b465ee728b)  -> (artifact id: '36edf358eff98a3ab53e6ee638bef6e7') in 0.023539 seconds 
  Import took 0.078357 seconds .

========================================================================
Received Import Request.
  Time since last request: 0.014641 seconds.
  path: Assets/HideOut/Models/Radio/Tex/Materials/On.mat
  artifactKey: Guid(6b4f3a3d370c2a4408f38a595df04197) Importer(815301076,1909f56bfc062723c751e8b465ee728b)
Start importing Assets/HideOut/Models/Radio/Tex/Materials/On.mat using Guid(6b4f3a3d370c2a4408f38a595df04197) Importer(815301076,1909f56bfc062723c751e8b465ee728b)  -> (artifact id: 'b0effe57bfb3d8054517c3a116a27dea') in 0.051481 seconds 
  Import took 0.077535 seconds .

========================================================================
Received Import Request.
  Time since last request: 0.023169 seconds.
  path: Assets/HideOut/Models/Radio/Headphone/Headphone/Materials/Plastic.mat
  artifactKey: Guid(42746bf40062b2b47a185c99d357676b) Importer(815301076,1909f56bfc062723c751e8b465ee728b)
Start importing Assets/HideOut/Models/Radio/Headphone/Headphone/Materials/Plastic.mat using Guid(42746bf40062b2b47a185c99d357676b) Importer(815301076,1909f56bfc062723c751e8b465ee728b)  -> (artifact id: '97132d23444a008cb9749001a8779f35') in 0.032446 seconds 
  Import took 0.037991 seconds .

========================================================================
Received Import Request.
  Time since last request: 0.007229 seconds.
  path: Assets/HideOut/Prefabs/Table 2.prefab
  artifactKey: Guid(d369aab3c2609f241b2f8b6aff4f01cd) Importer(815301076,1909f56bfc062723c751e8b465ee728b)
Start importing Assets/HideOut/Prefabs/Table 2.prefab using Guid(d369aab3c2609f241b2f8b6aff4f01cd) Importer(815301076,1909f56bfc062723c751e8b465ee728b)  -> (artifact id: 'be9867c7a9b4f675fe0b94f5ac64c5cd') in 0.021454 seconds 
  Import took 0.026806 seconds .

========================================================================
Received Import Request.
  Time since last request: 0.004289 seconds.
  path: Assets/HideOut/Models/Radio
  artifactKey: Guid(57e01ad7c6da7e64ab4917daa6723770) Importer(815301076,1909f56bfc062723c751e8b465ee728b)
Start importing Assets/HideOut/Models/Radio using Guid(57e01ad7c6da7e64ab4917daa6723770) Importer(815301076,1909f56bfc062723c751e8b465ee728b)  -> (artifact id: 'f484b24200dc047a01343f6691825558') in 0.002814 seconds 
  Import took 0.008112 seconds .

========================================================================
Received Import Request.
  Time since last request: 0.074431 seconds.
  path: Assets/HideOut
  artifactKey: Guid(32d4ce0dbc52abc44b75ce5658075525) Importer(815301076,1909f56bfc062723c751e8b465ee728b)
Start importing Assets/HideOut using Guid(32d4ce0dbc52abc44b75ce5658075525) Importer(815301076,1909f56bfc062723c751e8b465ee728b)  -> (artifact id: 'a77931f6fcf562316778e2ec01c7539e') in 0.015538 seconds 
  Import took 0.061140 seconds .

========================================================================
Received Import Request.
  Time since last request: 0.005689 seconds.
  path: Assets/HideOut/Models/House/Texs/Wooden_Floor_nm.png
  artifactKey: Guid(a10bf70091ad7b84496ab05c8112d1a2) Importer(815301076,1909f56bfc062723c751e8b465ee728b)
Start importing Assets/HideOut/Models/House/Texs/Wooden_Floor_nm.png using Guid(a10bf70091ad7b84496ab05c8112d1a2) Importer(815301076,1909f56bfc062723c751e8b465ee728b)  -> (artifact id: '7a1831e18d7ba70e85ae011e217fa11f') in 0.021599 seconds 
  Import took 0.025428 seconds .

========================================================================
Received Import Request.
  Time since last request: 0.010936 seconds.
  path: Assets/HideOut/Models/Barrel/Barrel2.png
  artifactKey: Guid(6b7ad6496a9f8c942a6d31cbb6a9579d) Importer(815301076,1909f56bfc062723c751e8b465ee728b)
Start importing Assets/HideOut/Models/Barrel/Barrel2.png using Guid(6b7ad6496a9f8c942a6d31cbb6a9579d) Importer(815301076,1909f56bfc062723c751e8b465ee728b)  -> (artifact id: 'b2c5dc1e16db94328203002f2710cb5b') in 0.018748 seconds 
  Import took 0.023797 seconds .

========================================================================
Received Import Request.
  Time since last request: 0.063041 seconds.
  path: Assets/HideOut/Models/House/Mets/Soft_Wood.mat
  artifactKey: Guid(28f75a6df23b67942bc20082ebce6955) Importer(815301076,1909f56bfc062723c751e8b465ee728b)
Start importing Assets/HideOut/Models/House/Mets/Soft_Wood.mat using Guid(28f75a6df23b67942bc20082ebce6955) Importer(815301076,1909f56bfc062723c751e8b465ee728b)  -> (artifact id: 'a1c64bafe575913dcf556d4cd713b5f6') in 0.110521 seconds 
  Import took 0.114541 seconds .

========================================================================
Received Import Request.
  Time since last request: 0.017383 seconds.
  path: Assets/HideOut/Models/House/Texs/Metal_norm.png
  artifactKey: Guid(9ffc63f6ef5d7764e89fccf47aeae704) Importer(815301076,1909f56bfc062723c751e8b465ee728b)
Start importing Assets/HideOut/Models/House/Texs/Metal_norm.png using Guid(9ffc63f6ef5d7764e89fccf47aeae704) Importer(815301076,1909f56bfc062723c751e8b465ee728b)  -> (artifact id: '37258ac39329a7af14349a67c425d6ad') in 0.049161 seconds 
  Import took 0.052817 seconds .

========================================================================
Received Import Request.
  Time since last request: 0.030055 seconds.
  path: Assets/HideOut/Prefabs/Ladder.prefab
  artifactKey: Guid(9ad4aa9ddaeb0d14cabed22a330afb71) Importer(815301076,1909f56bfc062723c751e8b465ee728b)
Start importing Assets/HideOut/Prefabs/Ladder.prefab using Guid(9ad4aa9ddaeb0d14cabed22a330afb71) Importer(815301076,1909f56bfc062723c751e8b465ee728b)  -> (artifact id: 'c1d91dd69e9bd865623adad8ad642e57') in 0.053036 seconds 
  Import took 0.057248 seconds .

========================================================================
Received Import Request.
  Time since last request: 0.014001 seconds.
  path: Assets/HideOut/Models/Radio/Tex/Rubber.tif
  artifactKey: Guid(98c863ad85edf7a439c2248ed6496bdb) Importer(815301076,1909f56bfc062723c751e8b465ee728b)
Start importing Assets/HideOut/Models/Radio/Tex/Rubber.tif using Guid(98c863ad85edf7a439c2248ed6496bdb) Importer(815301076,1909f56bfc062723c751e8b465ee728b)  -> (artifact id: 'b5194f2a3fc96ed09fd6cb6aa9b16621') in 0.016522 seconds 
  Import took 0.062550 seconds .

========================================================================
Received Import Request.
  Time since last request: 0.017039 seconds.
  path: Assets/HideOut/Models/House/Texs/Wood_planks.png
  artifactKey: Guid(c1caea5a71253f04ab9d02c1a7151105) Importer(815301076,1909f56bfc062723c751e8b465ee728b)
Start importing Assets/HideOut/Models/House/Texs/Wood_planks.png using Guid(c1caea5a71253f04ab9d02c1a7151105) Importer(815301076,1909f56bfc062723c751e8b465ee728b)  -> (artifact id: 'b6c5b2879590b2b4a9ca2b243aa0fd27') in 0.078440 seconds 
  Import took 0.081764 seconds .

========================================================================
Received Import Request.
  Time since last request: 0.013584 seconds.
  path: Assets/HideOut/Models/Radio/Tex/Materials/Body.mat
  artifactKey: Guid(c0e21b40bfedd2d4bb3e3b0c5e276287) Importer(815301076,1909f56bfc062723c751e8b465ee728b)
Start importing Assets/HideOut/Models/Radio/Tex/Materials/Body.mat using Guid(c0e21b40bfedd2d4bb3e3b0c5e276287) Importer(815301076,1909f56bfc062723c751e8b465ee728b)  -> (artifact id: 'c5cef4198a6a0ebcc7c65f50c86221de') in 0.020736 seconds 
  Import took 0.024355 seconds .

========================================================================
Received Import Request.
  Time since last request: 0.012839 seconds.
  path: Assets/HideOut/Prefabs/door.prefab
  artifactKey: Guid(b615fec57735d9c4e812e9f1cc90b92e) Importer(815301076,1909f56bfc062723c751e8b465ee728b)
Start importing Assets/HideOut/Prefabs/door.prefab using Guid(b615fec57735d9c4e812e9f1cc90b92e) Importer(815301076,1909f56bfc062723c751e8b465ee728b)  -> (artifact id: '49d98352ffc1d9691cb819a83e4a4ab5') in 0.028453 seconds 
  Import took 0.043578 seconds .

========================================================================
Received Import Request.
  Time since last request: 0.005257 seconds.
  path: Assets/HideOut/Models/Radio/Tex/Materials/Display 2.mat
  artifactKey: Guid(05fd8194d606e444ca434aa3e12ab7ff) Importer(815301076,1909f56bfc062723c751e8b465ee728b)
Start importing Assets/HideOut/Models/Radio/Tex/Materials/Display 2.mat using Guid(05fd8194d606e444ca434aa3e12ab7ff) Importer(815301076,1909f56bfc062723c751e8b465ee728b)  -> (artifact id: 'fd8afcbccb47c5156b4872881bf506ff') in 0.043192 seconds 
  Import took 0.050367 seconds .

========================================================================
Received Import Request.
  Time since last request: 0.011076 seconds.
  path: Assets/HideOut/Models/Table/model_Table_Mt_Metallic.png
  artifactKey: Guid(191ee2a543c7abc4e83d7fb002780b1b) Importer(815301076,1909f56bfc062723c751e8b465ee728b)
Start importing Assets/HideOut/Models/Table/model_Table_Mt_Metallic.png using Guid(191ee2a543c7abc4e83d7fb002780b1b) Importer(815301076,1909f56bfc062723c751e8b465ee728b)  -> (artifact id: 'a0bac30abcee4cf43e1188522093a17c') in 0.016426 seconds 
  Import took 0.023913 seconds .

========================================================================
Received Import Request.
  Time since last request: 0.003357 seconds.
  path: Assets/HideOut/Models/Radio/Headphone/Headphone
  artifactKey: Guid(6cfcc0763cfb2264193b1a3d138596cc) Importer(815301076,1909f56bfc062723c751e8b465ee728b)
Start importing Assets/HideOut/Models/Radio/Headphone/Headphone using Guid(6cfcc0763cfb2264193b1a3d138596cc) Importer(815301076,1909f56bfc062723c751e8b465ee728b)  -> (artifact id: '5ad0c3eddb17facda3db7f6bbc180c44') in 0.006566 seconds 
  Import took 0.013166 seconds .

========================================================================
Received Import Request.
  Time since last request: 0.011339 seconds.
  path: Assets/HideOut/Models/House/Texs/Switch/Button.png
  artifactKey: Guid(510c03ca084aa8a47b89f044cd13bb58) Importer(815301076,1909f56bfc062723c751e8b465ee728b)
Start importing Assets/HideOut/Models/House/Texs/Switch/Button.png using Guid(510c03ca084aa8a47b89f044cd13bb58) Importer(815301076,1909f56bfc062723c751e8b465ee728b)  -> (artifact id: '47a4e4e7cdbb9d8f05a3939b4d1c02a8') in 0.019110 seconds 
  Import took 0.065732 seconds .

========================================================================
Received Import Request.
  Time since last request: 0.015139 seconds.
  path: Assets/HideOut/Models/House/Texs/Switch/Push_glow.png
  artifactKey: Guid(6f49bf42b313c934580b98bf0cb5335d) Importer(815301076,1909f56bfc062723c751e8b465ee728b)
Start importing Assets/HideOut/Models/House/Texs/Switch/Push_glow.png using Guid(6f49bf42b313c934580b98bf0cb5335d) Importer(815301076,1909f56bfc062723c751e8b465ee728b)  -> (artifact id: 'c1a047fb9e8cc14fe8d8c803b313b058') in 0.016983 seconds 
  Import took 0.020169 seconds .

========================================================================
Received Import Request.
  Time since last request: 0.013670 seconds.
  path: Assets/HideOut/Models/House/Texs/Metal_occ.png
  artifactKey: Guid(adcd6f3133b793a4a9a6335fbea4724d) Importer(815301076,1909f56bfc062723c751e8b465ee728b)
Start importing Assets/HideOut/Models/House/Texs/Metal_occ.png using Guid(adcd6f3133b793a4a9a6335fbea4724d) Importer(815301076,1909f56bfc062723c751e8b465ee728b)  -> (artifact id: '1839495fb5c1724679d7e99fc386cd4f') in 0.016537 seconds 
  Import took 0.020415 seconds .

========================================================================
Received Import Request.
  Time since last request: 0.011525 seconds.
  path: Assets/HideOut/Models/House/Mets/Wooden_Floor.mat
  artifactKey: Guid(7128d02b3a000d14fb25f8605f889b23) Importer(815301076,1909f56bfc062723c751e8b465ee728b)
Start importing Assets/HideOut/Models/House/Mets/Wooden_Floor.mat using Guid(7128d02b3a000d14fb25f8605f889b23) Importer(815301076,1909f56bfc062723c751e8b465ee728b)  -> (artifact id: 'e8d951d2871c8ea4e7b486d8ebad4144') in 0.023028 seconds 
  Import took 0.166121 seconds .

========================================================================
Received Import Request.
  Time since last request: 0.049449 seconds.
  path: Assets/HideOut/Models/House/Mets/Bricks.mat
  artifactKey: Guid(56150a2091eb60f4480f94c1d15b2a6b) Importer(815301076,1909f56bfc062723c751e8b465ee728b)
Start importing Assets/HideOut/Models/House/Mets/Bricks.mat using Guid(56150a2091eb60f4480f94c1d15b2a6b) Importer(815301076,1909f56bfc062723c751e8b465ee728b)  -> (artifact id: 'fb459f0587bd36c6170fd6ace81ac411') in 0.028205 seconds 
  Import took 0.068407 seconds .

